Donor 1 (2dpi) had 0.0 read pairs before Bowtie2 filtering and 0.0 read pairs after.
Donor 1 (6dpi) had 0.0 read pairs before Bowtie2 filtering and 0.0 read pairs after.
Donor 3 (2dpi) had 0.0 read pairs before Bowtie2 filtering and 0.0 read pairs after.
Donor 3 (6dpi) had 0.0 read pairs before Bowtie2 filtering and 0.0 read pairs after.
spades.py -k 77,99,127 -t 2 --only-assembler --pe-1 1 SRR5660030_mapped_1.fq.gz --pe-2 1 SRR5660030_mapped_2.fq.gz --pe-1 2 SRR5660033_mapped_1.fq.gz --pe-2 2 SRR5660033_mapped_2.fq.gz --pe-1 3 SRR5660044_mapped_1.fq.gz --pe-2 3 SRR5660044_mapped_2.fq.gz --pe-1 4 SRR5660045_mapped_1.fq.gz --pe-2 4 SRR5660045_mapped_2.fq.gz -o SRR56600_assembly/
There are48contigs > 1000 bp in the assembly
There are165978bp in the assembly
sacc	pident	length	qstart	qend	sstart	send	bitscore	evalue	stitle
KF297339.1	100.000	5792	17	5808	146773	152564	10696	0.0	KF297339.1 Human herpesvirus 5 strain TB40/E clone Lisa, complete genome
EF999921.1	100.000	5792	17	5808	178814	184605	10696	0.0	EF999921.1 Human herpesvirus 5 strain TB40/E clone TB40-BAC4, complete sequence
MT070140.1	100.000	5792	17	5808	146544	152335	10696	0.0	MT070140.1 UNVERIFIED: Human betaherpesvirus 5 isolate P10 chromosome 1, complete genome
MW439038.1	100.000	5792	17	5808	146172	151963	10696	0.0	MW439038.1 Human betaherpesvirus 5 strain TB40/EF, complete genome
MW439039.1	100.000	5792	17	5808	146172	151963	10696	0.0	MW439039.1 Human betaherpesvirus 5 strain TB40/EE, complete genome
KP745692.1	99.983	5792	17	5808	146178	151969	10691	0.0	KP745692.1 Human herpesvirus 5 strain BE/3/2012, complete genome
JX512204.1	99.983	5792	17	5808	146185	151976	10691	0.0	JX512204.1 Human herpesvirus 5 strain HAN16, complete genome
MT044484.1	99.983	5792	17	5808	146125	151916	10691	0.0	MT044484.1 Human betaherpesvirus 5 strain HAN-SOT4, complete genome
MW528458.1	99.983	5792	17	5808	146267	152058	10691	0.0	MW528458.1 Human betaherpesvirus 5 isolate BM1, complete genome
MW528463.1	99.983	5792	17	5808	146066	151857	10691	0.0	MW528463.1 Human betaherpesvirus 5 isolate BM18, complete genome
GU179291.1	99.965	5792	17	5808	146235	152026	10685	0.0	GU179291.1 Human herpesvirus 5 strain AF1, complete genome
JX512208.1	99.965	5792	17	5808	146380	152171	10685	0.0	JX512208.1 Human herpesvirus 5 strain HAN31, complete genome
KX544841.1	99.965	5792	17	5808	38538	32747	10685	0.0	KX544841.1 Human betaherpesvirus 5 isolate VHL-E_Merck_UNC, complete genome
MK425187.1	99.965	5792	17	5808	146370	152161	10685	0.0	MK425187.1 Human betaherpesvirus 5 clone VHL-E-BAC19, complete sequence
MT044482.1	99.965	5792	17	5808	146365	152156	10685	0.0	MT044482.1 Human betaherpesvirus 5 strain GLA-SOT3, complete genome
OK000910.1	99.965	5792	17	5808	146332	152123	10685	0.0	OK000910.1 Human betaherpesvirus 5 strain VHL/E, complete genome
ON119193.1	99.965	5792	17	5808	146421	152212	10685	0.0	ON119193.1 Human betaherpesvirus 5 isolate E20749, partial genome
KP745672.1	99.948	5792	17	5808	146456	152247	10680	0.0	KP745672.1 Human herpesvirus 5 strain BE/29/2011, complete genome
KJ361959.1	99.948	5792	17	5808	146418	152209	10680	0.0	KJ361959.1 Human herpesvirus 5 strain PAV1, complete genome
MT649471.1	99.948	5793	17	5808	146195	151987	10680	0.0	MT649471.1 Human betaherpesvirus 5 strain HAN-SCT16, complete genome
KX544839.1	99.948	5792	17	5808	178767	184555	10676	0.0	KX544839.1 Human betaherpesvirus 5 isolate TB40-E_UNC, complete genome
MT649469.1	99.931	5795	17	5808	146306	152100	10676	0.0	MT649469.1 Human betaherpesvirus 5 strain HAN-SCT18, complete genome
KY123653.1	99.931	5793	17	5808	146263	152055	10674	0.0	KY123653.1 Human betaherpesvirus 5 strain HANSCTR4, complete genome
KJ872542.1	99.931	5793	17	5808	146299	152091	10674	0.0	KJ872542.1 Human herpesvirus 5 strain PAV21, complete genome
MT649470.1	99.931	5793	17	5808	146262	152054	10674	0.0	MT649470.1 Human betaherpesvirus 5 strain HAN-SCT17, complete genome
KP745679.1	99.931	5792	17	5808	146191	151979	10671	0.0	KP745679.1 Human herpesvirus 5 strain BE/24/2010, complete genome
KX544834.1	99.896	5792	17	5808	146113	151901	10659	0.0	KX544834.1 Human betaherpesvirus 5 isolate SUB_22, complete genome
KC519319.1	99.862	5792	17	5808	146152	151943	10652	0.0	KC519319.1 Human herpesvirus 5 strain BE/9/2010, complete genome
KX544832.1	99.845	5793	17	5808	146278	152065	10643	0.0	KX544832.1 Human betaherpesvirus 5 isolate SUB_24, complete genome
KX544835.1	99.810	5793	17	5808	146114	151899	10630	0.0	KX544835.1 Human betaherpesvirus 5 isolate VR5022, complete genome
KJ361967.1	99.724	5796	17	5808	146166	151961	10611	0.0	KJ361967.1 Human herpesvirus 5 strain PAV23, complete genome
GQ221974.1	99.689	5795	17	5808	146246	152040	10599	0.0	GQ221974.1 Human herpesvirus 5 strain 3157, complete genome
KT726940.2	99.672	5795	17	5808	146158	151952	10593	0.0	KT726940.2 Human betaherpesvirus 5 strain NL/Rot1/Urine/2012, partial genome
MT649474.1	99.672	5795	17	5808	146112	151906	10593	0.0	MT649474.1 Human betaherpesvirus 5 strain HAN-SCT13, partial genome
KJ361964.1	99.672	5792	17	5808	146432	152223	10591	0.0	KJ361964.1 Human herpesvirus 5 strain PAV8, complete genome
KP745716.1	99.655	5795	17	5808	146104	151898	10587	0.0	KP745716.1 Human herpesvirus 5 strain BE/16/2010, complete genome
JX512203.1	99.655	5795	17	5808	146374	152168	10587	0.0	JX512203.1 Human herpesvirus 5 strain HAN12, complete genome
KR534198.1	99.655	5795	17	5808	146349	152143	10587	0.0	KR534198.1 Human herpesvirus 5 strain JER893, complete genome
KJ361956.1	99.638	5796	17	5808	145726	151521	10584	0.0	KJ361956.1 Human herpesvirus 5 strain HAN36, complete genome
KP745706.1	99.638	5795	17	5808	146150	151944	10582	0.0	KP745706.1 Human herpesvirus 5 strain BE/41/2011, complete genome
KY123651.1	99.638	5795	17	5808	146054	151848	10582	0.0	KY123651.1 Human betaherpesvirus 5 strain HANRTR4, complete genome
KY490077.1	99.638	5795	17	5808	146080	151874	10582	0.0	KY490077.1 Human betaherpesvirus 5 strain HANRTR9, complete genome
KP745643.1	99.621	5799	17	5808	146177	151975	10580	0.0	KP745643.1 Human herpesvirus 5 strain CZ/2/2012, complete genome
MW528460.1	99.637	5793	17	5808	146312	152104	10580	0.0	MW528460.1 Human betaherpesvirus 5 isolate BM5, complete genome
JX512200.1	99.620	5796	17	5808	143964	149759	10578	0.0	JX512200.1 Human herpesvirus 5 strain HAN2, complete genome
MW197155.1	99.620	5796	17	5808	146120	151915	10578	0.0	MW197155.1 Human betaherpesvirus 5 strain P-225, partial genome
KP745699.1	99.637	5792	17	5808	145895	151683	10576	0.0	KP745699.1 Human herpesvirus 5 strain BE/1/2012, complete genome
KY123650.1	99.620	5795	17	5808	146387	152181	10576	0.0	KY123650.1 Human betaherpesvirus 5 strain HANRTR2, complete genome
KY490064.1	99.620	5795	17	5808	146300	152094	10576	0.0	KY490064.1 Human betaherpesvirus 5 strain PRA2, complete genome
MF084224.1	99.620	5795	17	5808	146130	151924	10576	0.0	MF084224.1 Human betaherpesvirus 5 strain HER1, complete genome
KP745689.1	99.620	5793	17	5808	146264	152053	10573	0.0	KP745689.1 Human herpesvirus 5 strain BE/17/2011, complete genome
KR534211.1	99.603	5795	17	5808	146268	152062	10571	0.0	KR534211.1 Human herpesvirus 5 strain JER5409, complete genome
KT726954.2	99.620	5792	17	5808	146335	152123	10571	0.0	KT726954.2 Human betaherpesvirus 5 strain UK/Lon4/Bile/2011, partial genome
KY490082.1	99.603	5795	17	5808	146076	151870	10571	0.0	KY490082.1 Human betaherpesvirus 5 strain HANSCTR8, complete genome
ON119199.1	99.620	5792	17	5808	146424	152212	10571	0.0	ON119199.1 Human betaherpesvirus 5 isolate E29747, partial genome
GQ466044.1	99.586	5798	17	5808	146509	152306	10569	0.0	GQ466044.1 Human herpesvirus 5 strain 3301, complete genome
KC519320.1	99.586	5798	17	5808	146145	151942	10569	0.0	KC519320.1 Human herpesvirus 5 strain BE/10/2010, complete genome
KC519323.1	99.586	5796	17	5808	146226	152021	10567	0.0	KC519323.1 Human herpesvirus 5 strain BE/27/2010, complete genome
KJ361951.1	99.586	5795	17	5808	146330	152124	10565	0.0	KJ361951.1 Human herpesvirus 5 strain HAN21, complete genome
KP745646.1	99.603	5792	17	5808	146195	151980	10563	0.0	KP745646.1 Human herpesvirus 5 strain BE/8/2012, complete genome
KP745654.1	99.586	5795	17	5808	146023	151814	10563	0.0	KP745654.1 Human herpesvirus 5 strain BE/19/2011, complete genome
KP745714.1	99.586	5792	17	5808	146152	151943	10563	0.0	KP745714.1 Human herpesvirus 5 strain BE/29/2010, complete genome
KR534200.1	99.586	5793	17	5808	146255	152047	10563	0.0	KR534200.1 Human herpesvirus 5 strain JER1289, complete genome
KY490078.1	99.586	5795	17	5808	146038	151829	10563	0.0	KY490078.1 Human betaherpesvirus 5 strain HANRTR10, complete genome
MW528461.1	99.586	5793	17	5808	145667	151459	10563	0.0	MW528461.1 Human betaherpesvirus 5 isolate BM8, complete genome
KJ361966.1	99.586	5795	17	5808	146464	152254	10562	0.0	KJ361966.1 Human herpesvirus 5 strain PAV12, complete genome
KY490067.1	99.569	5797	17	5808	146007	151803	10562	0.0	KY490067.1 Human betaherpesvirus 5 strain PRA5, complete genome
KP745722.1	99.552	5798	17	5808	146224	152021	10558	0.0	KP745722.1 Human herpesvirus 5 strain BE/40/2011, complete genome
KJ361965.1	99.552	5799	17	5808	146413	152211	10558	0.0	KJ361965.1 Human herpesvirus 5 strain PAV11, complete genome
KJ361958.1	99.551	5795	17	5808	146122	151916	10554	0.0	KJ361958.1 Human herpesvirus 5 strain HAN40, complete genome
KP745636.1	99.534	5798	17	5808	146664	152461	10552	0.0	KP745636.1 Human herpesvirus 5 strain BE/7/2011, complete genome
KP745642.1	99.534	5798	17	5808	146139	151936	10552	0.0	KP745642.1 Human herpesvirus 5 strain CZ/1/2012, complete genome
KP745688.1	99.534	5798	17	5808	146041	151838	10552	0.0	KP745688.1 Human herpesvirus 5 strain BE/12/2012, complete genome
KP745718.1	99.534	5799	17	5808	146034	151832	10552	0.0	KP745718.1 Human herpesvirus 5 strain CZ/1/2011, complete genome
KJ361946.1	99.534	5798	17	5808	145984	151781	10552	0.0	KJ361946.1 Human herpesvirus 5 strain 2CEN2, complete genome
KR534210.1	99.534	5799	17	5808	146470	152268	10552	0.0	KR534210.1 Human herpesvirus 5 strain JER5268, complete genome
KY123649.1	99.534	5799	17	5808	146283	152081	10552	0.0	KY123649.1 Human betaherpesvirus 5 strain HANChild4, complete genome
KT726946.2	99.534	5799	17	5808	146416	152214	10552	0.0	KT726946.2 Human betaherpesvirus 5 strain NL/Rot7/Urine/2012, partial genome
KY490075.1	99.534	5799	17	5808	146440	152238	10552	0.0	KY490075.1 Human betaherpesvirus 5 strain HANRTR6, complete genome
MT649472.1	99.534	5799	17	5808	146305	152103	10552	0.0	MT649472.1 Human betaherpesvirus 5 strain HAN-SCT15, complete genome
OV100760.1	99.534	5799	17	5808	146222	152020	10552	0.0	OV100760.1 Human betaherpesvirus 5 isolate S1_0M genome assembly, complete genome: monopartite
MT044481.1	99.534	5796	17	5808	146373	152168	10551	0.0	MT044481.1 Human betaherpesvirus 5 strain GLA-SOT2, complete genome
KP745651.1	99.517	5800	17	5808	146279	152078	10549	0.0	KP745651.1 Human herpesvirus 5 strain BE/9/2012, complete genome
KC519322.1	99.551	5793	17	5808	146007	151793	10547	0.0	KC519322.1 Human herpesvirus 5 strain BE/21/2010, complete genome
KP745671.1	99.534	5792	17	5808	146038	151829	10547	0.0	KP745671.1 Human herpesvirus 5 strain BE/14/2011, complete genome
KP745700.1	99.534	5795	17	5808	146214	152005	10547	0.0	KP745700.1 Human herpesvirus 5 strain BE/4/2011, complete genome
KJ361960.1	99.534	5795	17	5808	146294	152085	10547	0.0	KJ361960.1 Human herpesvirus 5 strain PAV4, complete genome
KY490068.1	99.517	5798	17	5808	146044	151841	10547	0.0	KY490068.1 Human betaherpesvirus 5 strain PRA6, complete genome
MT044483.1	99.517	5798	17	5808	145601	151398	10547	0.0	MT044483.1 Human betaherpesvirus 5 strain HAN-SOT3, complete genome
MT070139.1	99.517	5798	17	5808	144973	150770	10547	0.0	MT070139.1 Human betaherpesvirus 5 isolate P6 chromosome 1, complete genome
KP745708.1	99.500	5800	17	5808	146332	152131	10543	0.0	KP745708.1 Human herpesvirus 5 strain BE/8/2010, complete genome
KU550090.1	99.517	5795	17	5808	146017	151811	10543	0.0	KU550090.1 Human betaherpesvirus 5 strain NANU, complete genome
KR534212.1	99.500	5800	17	5808	146059	151858	10543	0.0	KR534212.1 Human herpesvirus 5 strain JER5550, complete genome
KY490087.1	99.517	5795	17	5808	146608	152402	10543	0.0	KY490087.1 Human betaherpesvirus 5 strain HANSCTR12, complete genome
MW528459.1	99.534	5795	17	5808	146397	152185	10543	0.0	MW528459.1 Human betaherpesvirus 5 isolate BM2, complete genome
KP745664.1	99.500	5798	17	5808	145757	151554	10541	0.0	KP745664.1 Human herpesvirus 5 strain CZ/2/2013, complete genome
KP745711.1	99.500	5799	17	5808	146194	151992	10541	0.0	KP745711.1 Human herpesvirus 5 strain BE/24/2011, complete genome
KJ361963.1	99.500	5799	17	5808	146137	151935	10541	0.0	KJ361963.1 Human herpesvirus 5 strain PAV7, complete genome
JX512199.1	99.500	5798	17	5808	146060	151857	10541	0.0	JX512199.1 Human herpesvirus 5 strain HAN1, complete genome
JX512207.1	99.534	5793	17	5808	146487	152272	10541	0.0	JX512207.1 Human herpesvirus 5 strain HAN28, complete genome
KY490062.1	99.517	5793	17	5808	145548	151340	10541	0.0	KY490062.1 Human betaherpesvirus 5 strain PAV32, complete genome
MT044478.1	99.500	5798	17	5808	146243	152040	10541	0.0	MT044478.1 Human betaherpesvirus 5 strain HAN-SOT1, complete genome
ON119192.1	99.534	5792	17	5808	146373	152158	10541	0.0	ON119192.1 Human betaherpesvirus 5 isolate E20744, partial genome
KP745665.1	99.483	5801	17	5808	146199	151999	10538	0.0	KP745665.1 Human herpesvirus 5 strain BE/16/2012, complete genome
KP745666.1	99.483	5801	17	5808	146270	152070	10538	0.0	KP745666.1 Human herpesvirus 5 strain BE/7/2012, complete genome
KP745667.1	99.517	5792	17	5808	146367	152155	10538	0.0	KP745667.1 Human herpesvirus 5 strain BE/5/2011, complete genome
KP745670.1	99.483	5801	17	5808	146261	152061	10538	0.0	KP745670.1 Human herpesvirus 5 strain BE/30/2011, complete genome
KP745680.1	99.483	5801	17	5808	146279	152079	10538	0.0	KP745680.1 Human herpesvirus 5 strain BE/11/2012, complete genome
KP745693.1	99.483	5801	17	5808	146253	152053	10538	0.0	KP745693.1 Human herpesvirus 5 strain BE/15/2012, complete genome
KJ361955.1	99.500	5795	17	5808	146134	151928	10538	0.0	KJ361955.1 Human herpesvirus 5 strain HAN33, complete genome
KR534203.1	99.500	5795	17	5808	146171	151965	10538	0.0	KR534203.1 Human herpesvirus 5 strain JER3230, complete genome
KY490063.1	99.500	5795	17	5808	146286	152080	10538	0.0	KY490063.1 Human betaherpesvirus 5 strain PRA1, complete genome
KJ361968.1	99.483	5798	17	5808	145871	151668	10536	0.0	KJ361968.1 Human herpesvirus 5 strain PAV24, complete genome
GQ221973.1	99.483	5799	17	5808	146310	152105	10534	0.0	GQ221973.1 Human herpesvirus 5 strain HAN13, complete genome
KP745641.1	99.466	5802	17	5808	146359	152160	10534	0.0	KP745641.1 Human herpesvirus 5 strain BE/31/2011, complete genome
KP745650.1	99.466	5803	17	5808	146281	152083	10534	0.0	KP745650.1 Human herpesvirus 5 strain BE/1/2011, complete genome
KP745657.1	99.483	5799	17	5808	146343	152138	10534	0.0	KP745657.1 Human herpesvirus 5 strain BE/13/2011, complete genome
KR534205.1	99.517	5793	17	5808	146330	152113	10534	0.0	KR534205.1 Human herpesvirus 5 strain JER4035, complete genome
KP745684.1	99.466	5801	17	5808	145737	151537	10532	0.0	KP745684.1 Human herpesvirus 5 strain BE/11/2011, complete genome
KP745719.1	99.466	5801	17	5808	146277	152076	10532	0.0	KP745719.1 Human herpesvirus 5 strain BE/26/2010, complete genome
JX512198.1	99.499	5794	17	5808	140911	146698	10532	0.0	JX512198.1 Human herpesvirus 5 strain Davis, complete genome
KR534196.1	99.465	5799	17	5808	146133	151931	10530	0.0	KR534196.1 Human herpesvirus 5 strain JER847, complete genome
KX544838.1	99.482	5794	17	5808	146107	151898	10530	0.0	KX544838.1 Human betaherpesvirus 5 isolate VR7863, complete genome
KJ361952.1	99.465	5796	17	5808	146336	152128	10525	0.0	KJ361952.1 Human herpesvirus 5 strain HAN27, complete genome
KY490074.1	99.465	5793	17	5808	146354	152145	10525	0.0	KY490074.1 Human betaherpesvirus 5 strain HANRTR1B, complete genome
KY490073.1	99.465	5792	17	5808	145888	151678	10523	0.0	KY490073.1 Human betaherpesvirus 5 strain HANRTR1A, complete genome
KP745662.1	99.448	5797	17	5808	146199	151992	10521	0.0	KP745662.1 Human herpesvirus 5 strain BE/20/2010, complete genome
KX544837.1	99.482	5793	17	5808	145970	151752	10521	0.0	KX544837.1 Human betaherpesvirus 5 isolate VR5235, complete genome
MW528462.1	99.431	5799	17	5808	145878	151673	10517	0.0	MW528462.1 Human betaherpesvirus 5 isolate BM11, complete genome
MT044477.1	99.448	5793	17	5808	146047	151833	10514	0.0	MT044477.1 Human betaherpesvirus 5 strain GLA-SOT4, complete genome
KP745705.1	99.414	5799	17	5808	146076	151871	10512	0.0	KP745705.1 Human herpesvirus 5 strain BE/38/2011, complete genome
KX544831.1	99.448	5793	17	5808	145556	151340	10512	0.0	KX544831.1 Human betaherpesvirus 5 isolate NR, complete genome
KP745653.1	99.413	5795	17	5808	146265	152053	10504	0.0	KP745653.1 Human herpesvirus 5 strain BE/22/2011, complete genome
KP745659.1	99.430	5793	17	5808	146226	152008	10504	0.0	KP745659.1 Human herpesvirus 5 strain BE/3/2011, complete genome
KP745702.1	99.430	5793	17	5808	146264	152046	10504	0.0	KP745702.1 Human herpesvirus 5 strain BE/21/2011, complete genome
MN274568.2	99.379	5798	17	5808	146419	152216	10503	0.0	MN274568.2 Human betaherpesvirus 5 strain Ig-KG-H2, complete genome
MT894141.2	99.379	5798	17	5808	146421	152218	10503	0.0	MT894141.2 Human betaherpesvirus 5 strain Ig-KG-H2varP14S, complete genome
KR534202.1	99.379	5795	17	5808	145505	151299	10499	0.0	KR534202.1 Human herpesvirus 5 strain JER2282, complete genome
KT634296.1	99.379	5793	17	5808	145687	151469	10488	0.0	KT634296.1 Human herpesvirus 5 strain UKNEQAS2, complete genome
KP745637.1	99.361	5794	17	5808	146330	152113	10484	0.0	KP745637.1 Human herpesvirus 5 strain BE/9/2011, complete genome
KP745717.1	99.362	5795	17	5808	146097	151881	10484	0.0	KP745717.1 Human herpesvirus 5 strain BE/2/2010, complete genome
KY490086.1	99.327	5794	17	5808	145957	151740	10473	0.0	KY490086.1 Human betaherpesvirus 5 strain HANSCTR11B, complete genome
MW197157.1	99.327	5795	17	5808	146021	151805	10473	0.0	MW197157.1 Human betaherpesvirus 5 strain P-232, complete genome
ON119197.1	99.310	5794	17	5808	146382	152162	10464	0.0	ON119197.1 Human betaherpesvirus 5 isolate E83151, partial genome
KT726948.2	99.275	5793	17	5808	146090	151878	10460	0.0	KT726948.2 Human betaherpesvirus 5 strain UK/Lon2/Blood/2013, partial genome
KU550089.1	99.206	5792	17	5808	146469	152257	10438	0.0	KU550089.1 Human betaherpesvirus 5 strain NAN4LA, complete genome
KY490061.1	99.189	5793	17	5808	146029	151814	10430	0.0	KY490061.1 Human betaherpesvirus 5 strain PAV31, complete genome
MW980585.1	99.189	5794	17	5808	146280	152063	10429	0.0	MW980585.1 Human betaherpesvirus 5 strain BL, complete genome
KJ361954.1	99.189	5793	17	5808	146368	152150	10427	0.0	KJ361954.1 Human herpesvirus 5 strain HAN32, complete genome
KJ361948.1	99.137	5795	17	5808	145910	151701	10419	0.0	KJ361948.1 Human herpesvirus 5 strain 2CEN15, complete genome
KT726949.2	99.137	5795	17	5808	146182	151973	10419	0.0	KT726949.2 Human betaherpesvirus 5 strain UK/Lon6/Urine/2011, complete genome
KP745725.1	99.120	5795	17	5808	146325	152119	10416	0.0	KP745725.1 Human herpesvirus 5 strain BE/49/2011, complete genome
KT726944.2	99.120	5796	17	5808	146244	152036	10414	0.0	KT726944.2 Human betaherpesvirus 5 strain NL/Rot5/Urine/2012, partial genome
OK000912.1	99.137	5793	17	5808	141024	146810	10414	0.0	OK000912.1 Human betaherpesvirus 5 strain SOMA, complete genome
MK290742.1	99.120	5793	17	5808	146084	151873	10412	0.0	MK290742.1 Human betaherpesvirus 5 strain LUS193, complete genome
KP745635.1	99.086	5798	17	5808	146171	151965	10405	0.0	KP745635.1 Human herpesvirus 5 strain BE/5/2012, complete genome
KP745701.1	99.068	5796	17	5808	146340	152132	10397	0.0	KP745701.1 Human herpesvirus 5 strain BE/6/2010, complete genome
ON119190.1	99.085	5792	17	5808	146424	152206	10394	0.0	ON119190.1 Human betaherpesvirus 5 isolate E16662, partial genome
ON119195.1	99.085	5792	17	5808	146421	152203	10394	0.0	ON119195.1 Human betaherpesvirus 5 isolate E9361, partial genome
KP745645.1	99.018	5804	17	5808	146411	152211	10388	0.0	KP745645.1 Human herpesvirus 5 strain BE/13/2010, complete genome
KJ361957.1	99.018	5802	17	5808	146245	152043	10386	0.0	KJ361957.1 Human herpesvirus 5 strain HAN39, complete genome
KY490083.1	99.018	5802	17	5808	146226	152024	10386	0.0	KY490083.1 Human betaherpesvirus 5 strain HANSCTR9, complete genome
GU179288.1	99.034	5796	17	5808	146341	152130	10384	0.0	GU179288.1 Human herpesvirus 5 strain U8, complete genome
MT044485.1	99.000	5798	17	5808	146567	152364	10381	0.0	MT044485.1 Human betaherpesvirus 5 strain SYD-SCT1, complete genome
KP745634.1	99.000	5799	17	5808	146116	151911	10379	0.0	KP745634.1 Human herpesvirus 5 strain BE/32/2010, complete genome
KP745681.1	99.000	5799	17	5808	145849	151644	10379	0.0	KP745681.1 Human herpesvirus 5 strain BE/43/2011, complete genome
KP745678.1	99.016	5795	17	5808	146268	152053	10375	0.0	KP745678.1 Human herpesvirus 5 strain BE/25/2010, complete genome
KP745686.1	98.999	5795	17	5808	146324	152109	10370	0.0	KP745686.1 Human herpesvirus 5 strain BE/39/2011, complete genome
KR534197.1	98.999	5795	17	5808	145812	151597	10370	0.0	KR534197.1 Human herpesvirus 5 strain JER851, complete genome
JX512197.1	98.982	5795	17	5808	146027	151812	10364	0.0	JX512197.1 Human herpesvirus 5 strain 6397, complete genome
KR534206.1	98.982	5795	17	5808	146092	151877	10364	0.0	KR534206.1 Human herpesvirus 5 strain JER4041, complete genome
JX512201.1	98.965	5796	17	5808	146302	152091	10362	0.0	JX512201.1 Human herpesvirus 5 strain HAN3, complete genome
KX544840.1	98.965	5795	17	5808	175857	181642	10358	0.0	KX544840.1 Human betaherpesvirus 5 isolate UXCA_Merck_UNC, complete genome
KJ361961.1	98.948	5796	17	5808	146242	152031	10357	0.0	KJ361961.1 Human herpesvirus 5 strain PAV5, complete genome
KP745690.1	98.931	5799	17	5808	146334	152125	10353	0.0	KP745690.1 Human herpesvirus 5 strain BE/34/2011, complete genome
KP745694.1	98.914	5802	17	5808	146226	152024	10353	0.0	KP745694.1 Human herpesvirus 5 strain BE/12/2010, complete genome
KP745697.1	98.964	5793	17	5808	146276	152056	10353	0.0	KP745697.1 Human herpesvirus 5 strain BE/23/2010, complete genome
KP745709.1	98.930	5793	17	5808	146189	151978	10351	0.0	KP745709.1 Human herpesvirus 5 strain BE/48/2011, complete genome
KT726943.2	98.930	5793	17	5808	146204	151993	10351	0.0	KT726943.2 Human betaherpesvirus 5 strain NL/Rot4/Nasal/2012, partial genome
KP745652.1	98.930	5796	17	5808	146444	152230	10347	0.0	KP745652.1 Human herpesvirus 5 strain BE/2/2011, complete genome
KJ361969.1	98.914	5799	17	5808	146317	152108	10347	0.0	KJ361969.1 Human herpesvirus 5 strain PAV25, complete genome
KP745710.1	98.912	5793	17	5808	146483	152272	10346	0.0	KP745710.1 Human herpesvirus 5 strain BE/2/2012, complete genome
KT726941.2	98.897	5800	17	5808	146520	152316	10346	0.0	KT726941.2 Human betaherpesvirus 5 strain NL/Rot2/Urine/2012, partial genome
KJ361970.1	98.896	5797	17	5808	146409	152202	10344	0.0	KJ361970.1 Human herpesvirus 5 strain PAV26, complete genome
MT649468.1	98.897	5800	17	5808	145885	151678	10344	0.0	MT649468.1 Human betaherpesvirus 5 strain HAN-SCT19, complete genome
KC519321.1	98.896	5795	17	5808	145976	151767	10342	0.0	KC519321.1 Human herpesvirus 5 strain BE/11/2010, complete genome
KY490080.1	98.896	5799	17	5808	146528	152319	10342	0.0	KY490080.1 Human betaherpesvirus 5 strain HANSCTR1B, complete genome
KP745668.1	98.895	5793	17	5808	145973	151762	10340	0.0	KP745668.1 Human herpesvirus 5 strain BE/18/2011, complete genome
KP745669.1	98.895	5793	17	5808	146325	152114	10340	0.0	KP745669.1 Human herpesvirus 5 strain BE/28/2011, complete genome
KR534201.1	98.895	5793	17	5808	146005	151794	10340	0.0	KR534201.1 Human herpesvirus 5 strain JER2002, complete genome
KY490079.1	98.895	5793	17	5808	146318	152107	10340	0.0	KY490079.1 Human betaherpesvirus 5 strain HANSCTR1A, complete genome
KP745676.1	98.879	5800	17	5808	146359	152152	10338	0.0	KP745676.1 Human herpesvirus 5 strain BE/28/2010, complete genome
KJ361950.1	98.862	5801	17	5808	146324	152124	10338	0.0	KJ361950.1 Human herpesvirus 5 strain HAN11, complete genome
MT044479.1	98.879	5797	17	5808	146316	152109	10338	0.0	MT044479.1 Human betaherpesvirus 5 strain HAN-SOT5, complete genome
KP745640.1	98.879	5796	17	5808	146402	152193	10336	0.0	KP745640.1 Human herpesvirus 5 strain BE/22/2010, complete genome
KJ872541.1	98.878	5793	17	5808	146430	152222	10336	0.0	KJ872541.1 Human herpesvirus 5 strain PAV20, complete genome
MT649473.1	98.896	5795	17	5808	146428	152213	10336	0.0	MT649473.1 Human betaherpesvirus 5 strain HAN-SCT14, complete genome
KY490071.1	98.878	5793	17	5808	146102	151891	10334	0.0	KY490071.1 Human betaherpesvirus 5 strain HANChild1, complete genome
MK290744.1	98.878	5794	17	5808	146324	152114	10334	0.0	MK290744.1 Human betaherpesvirus 5 strain LUS283, complete genome
KP745673.1	98.862	5801	17	5808	146297	152091	10333	0.0	KP745673.1 Human herpesvirus 5 strain BE/42/2011, complete genome
MF084223.1	98.861	5797	17	5808	146125	151918	10333	0.0	MF084223.1 Human betaherpesvirus 5 strain LON1, complete genome
KP745715.1	98.845	5802	17	5808	146240	152038	10331	0.0	KP745715.1 Human herpesvirus 5 strain BE/44/2011, complete genome
KP745660.1	98.861	5793	17	5808	145813	151602	10329	0.0	KP745660.1 Human herpesvirus 5 strain BE/6/2011, complete genome
KP745675.1	98.861	5793	17	5808	145980	151769	10329	0.0	KP745675.1 Human herpesvirus 5 strain BE/23/2011, complete genome
KP745696.1	98.861	5793	17	5808	145966	151755	10329	0.0	KP745696.1 Human herpesvirus 5 strain BE/27/2011, complete genome
KP745713.1	98.861	5793	17	5808	146453	152242	10329	0.0	KP745713.1 Human herpesvirus 5 strain BE/35/2011, complete genome
KR534199.1	98.861	5793	17	5808	146003	151792	10329	0.0	KR534199.1 Human herpesvirus 5 strain JER1070, complete genome
MK290743.1	98.861	5794	17	5808	146386	152176	10329	0.0	MK290743.1 Human betaherpesvirus 5 strain LUS248, complete genome
GU179290.1	98.844	5797	17	5808	145799	151592	10327	0.0	GU179290.1 Human herpesvirus 5 strain U11, complete genome
KP745647.1	98.844	5797	17	5808	146472	152265	10327	0.0	KP745647.1 Human herpesvirus 5 strain BE/18/2010, complete genome
KY490081.1	98.844	5797	17	5808	146278	152071	10327	0.0	KY490081.1 Human betaherpesvirus 5 strain HANSCTR2, complete genome
KP745644.1	98.844	5795	17	5808	146329	152120	10325	0.0	KP745644.1 Human herpesvirus 5 strain BE/31/2010, complete genome
ON119191.1	98.861	5793	17	5808	146399	152185	10325	0.0	ON119191.1 Human betaherpesvirus 5 isolate E18800, partial genome
OV100763.1	98.844	5795	17	5808	146368	152159	10325	0.0	OV100763.1 Human betaherpesvirus 5 isolate S2_3M_R2 genome assembly, complete genome: monopartite
KJ361953.1	98.844	5796	17	5808	146364	152153	10323	0.0	KJ361953.1 Human herpesvirus 5 strain HAN30, complete genome
ON119198.1	98.844	5794	17	5808	146382	152169	10322	0.0	ON119198.1 Human betaherpesvirus 5 isolate E79446, partial genome
KJ426589.1	98.844	5795	17	5808	146751	152537	10320	0.0	KJ426589.1 Human herpesvirus 5 isolate HAN, complete genome
KT726952.2	98.843	5793	17	5808	146281	152064	10318	0.0	KT726952.2 Human betaherpesvirus 5 strain UK/Lon3/Plasma/2012, partial genome
KR534209.1	98.826	5793	17	5808	146058	151843	10314	0.0	KR534209.1 Human herpesvirus 5 strain JER4755, complete genome
KY490076.1	98.809	5795	17	5808	146143	151934	10314	0.0	KY490076.1 Human betaherpesvirus 5 strain HANRTR8, complete genome
AY446894.2	98.826	5793	17	5808	146426	152209	10312	0.0	AY446894.2 Human herpesvirus 5 strain Merlin, complete genome
KM192298.1	98.826	5793	17	5808	146376	152159	10312	0.0	KM192298.1 Human herpesvirus 5 strain Merlin isolate RCMV1111, complete genome
KM192299.1	98.826	5793	17	5808	146376	152159	10312	0.0	KM192299.1 Human herpesvirus 5 strain Merlin isolate RCMV1149, complete genome
KM192300.1	98.826	5793	17	5808	145862	151645	10312	0.0	KM192300.1 Human herpesvirus 5 strain Merlin isolate RCMV1528, complete genome
KM192301.1	98.826	5793	17	5808	146376	152159	10312	0.0	KM192301.1 Human herpesvirus 5 strain Merlin isolate RCMV1677, complete genome
KM192302.1	98.826	5793	17	5808	146376	152159	10312	0.0	KM192302.1 Human herpesvirus 5 strain Merlin isolate RCMV1678, complete genome
KJ361962.1	98.809	5794	17	5808	146020	151810	10312	0.0	KJ361962.1 Human herpesvirus 5 strain PAV6, complete genome
KU221090.1	98.826	5793	17	5808	146376	152159	10312	0.0	KU221090.1 Human betaherpesvirus 5 strain Merlin isolate RCMV1595, complete genome
KU221091.1	98.826	5793	17	5808	146376	152159	10312	0.0	KU221091.1 Human betaherpesvirus 5 strain Merlin isolate RCMV1654, complete genome
KU221092.1	98.826	5793	17	5808	146376	152159	10312	0.0	KU221092.1 Human betaherpesvirus 5 strain Merlin isolate RCMV1796, complete genome
KU221093.1	98.826	5793	17	5808	146376	152159	10312	0.0	KU221093.1 Human betaherpesvirus 5 strain Merlin isolate RCMV1798, complete genome
KU221094.1	98.826	5793	17	5808	146376	152159	10312	0.0	KU221094.1 Human betaherpesvirus 5 strain Merlin isolate RCMV1800, complete genome
KU221095.1	98.826	5793	17	5808	146376	152159	10312	0.0	KU221095.1 Human betaherpesvirus 5 strain Merlin isolate RCMV1802, complete genome
KU221096.1	98.826	5793	17	5808	146376	152159	10312	0.0	KU221096.1 Human betaherpesvirus 5 strain Merlin isolate RCMV1804, complete genome
KU221097.1	98.826	5793	17	5808	146376	152159	10312	0.0	KU221097.1 Human betaherpesvirus 5 strain Merlin isolate RCMV1810, complete genome
KU221098.1	98.826	5793	17	5808	146376	152159	10312	0.0	KU221098.1 Human betaherpesvirus 5 strain Merlin isolate RCMV1815, complete genome
KU221099.1	98.826	5793	17	5808	146376	152159	10312	0.0	KU221099.1 Human betaherpesvirus 5 strain Merlin isolate RCMV1831, complete genome
KU221100.1	98.826	5793	17	5808	146376	152159	10312	0.0	KU221100.1 Human betaherpesvirus 5 strain Merlin isolate RCMV1871, complete genome
KP973623.1	98.826	5793	17	5808	145979	151762	10312	0.0	KP973623.1 Human herpesvirus 5 strain Merlin isolate RCMV1200, complete genome
KP973624.1	98.826	5793	17	5808	145979	151762	10312	0.0	KP973624.1 Human herpesvirus 5 strain Merlin isolate RCMV1201, complete genome
KP973625.1	98.826	5793	17	5808	146376	152159	10312	0.0	KP973625.1 Human herpesvirus 5 strain Merlin isolate RCMV1812, complete genome
KP973626.1	98.826	5793	17	5808	146376	152159	10312	0.0	KP973626.1 Human herpesvirus 5 strain Merlin isolate RCMV1814, complete genome
KP973627.1	98.826	5793	17	5808	146376	152159	10312	0.0	KP973627.1 Human herpesvirus 5 strain Merlin isolate RCMV1819, complete genome
KP973628.1	98.826	5793	17	5808	146376	152159	10312	0.0	KP973628.1 Human herpesvirus 5 strain Merlin isolate RCMV1821, complete genome
KP973629.1	98.826	5793	17	5808	146376	152159	10312	0.0	KP973629.1 Human herpesvirus 5 strain Merlin isolate RCMV1823, complete genome
KP973630.1	98.826	5793	17	5808	146376	152159	10312	0.0	KP973630.1 Human herpesvirus 5 strain Merlin isolate RCMV1825, complete genome
KP973631.1	98.826	5793	17	5808	146376	152159	10312	0.0	KP973631.1 Human herpesvirus 5 strain Merlin isolate RCMV1835, complete genome
KP973632.1	98.826	5793	17	5808	146376	152159	10312	0.0	KP973632.1 Human herpesvirus 5 strain Merlin isolate RCMV1839, complete genome
KP973633.1	98.826	5793	17	5808	146376	152159	10312	0.0	KP973633.1 Human herpesvirus 5 strain Merlin isolate RCMV1841, complete genome
KP973634.1	98.826	5793	17	5808	146376	152159	10312	0.0	KP973634.1 Human herpesvirus 5 strain Merlin isolate RCMV1843, complete genome
KP973635.1	98.826	5793	17	5808	146376	152159	10312	0.0	KP973635.1 Human herpesvirus 5 strain Merlin isolate RCMV1845, complete genome
KP973636.1	98.826	5793	17	5808	146376	152159	10312	0.0	KP973636.1 Human herpesvirus 5 strain Merlin isolate RCMV1847, complete genome
KP973637.1	98.826	5793	17	5808	146376	152159	10312	0.0	KP973637.1 Human herpesvirus 5 strain Merlin isolate RCMV1849, complete genome
KP973638.1	98.826	5793	17	5808	146376	152159	10312	0.0	KP973638.1 Human herpesvirus 5 strain Merlin isolate RCMV1851, complete genome
KP973639.1	98.826	5793	17	5808	146376	152159	10312	0.0	KP973639.1 Human herpesvirus 5 strain Merlin isolate RCMV1853, complete genome
KP973640.1	98.826	5793	17	5808	146376	152159	10312	0.0	KP973640.1 Human herpesvirus 5 strain Merlin isolate RCMV1855, complete genome
KP973641.1	98.826	5793	17	5808	146376	152159	10312	0.0	KP973641.1 Human herpesvirus 5 strain Merlin isolate RCMV1857, complete genome
KP973642.1	98.826	5793	17	5808	146376	152159	10312	0.0	KP973642.1 Human herpesvirus 5 strain Merlin isolate RCMV2035, complete genome
GU179001.1	98.826	5793	17	5808	146375	152158	10312	0.0	GU179001.1 Human herpesvirus 5 transgenic strain Merlin, complete genome
NC_006273.2	98.826	5793	17	5808	146426	152209	10312	0.0	NC_006273.2 Human herpesvirus 5 strain Merlin, complete genome
OK000909.1	98.826	5793	17	5808	146431	152214	10312	0.0	OK000909.1 Human betaherpesvirus 5 strain Merlin, complete genome
KP745721.1	98.792	5796	17	5808	145806	151598	10309	0.0	KP745721.1 Human herpesvirus 5 strain BE/14/2010, complete genome
KP745674.1	98.809	5792	17	5808	146161	151939	10301	0.0	KP745674.1 Human herpesvirus 5 strain BE/33/2011, complete genome
JX512205.1	98.809	5792	17	5808	146305	152083	10301	0.0	JX512205.1 Human herpesvirus 5 strain HAN19, complete genome
KP745663.1	98.791	5792	17	5808	145825	151603	10296	0.0	KP745663.1 Human herpesvirus 5 strain BE/5/2010, complete genome
KP745656.1	98.757	5793	17	5808	146081	151867	10292	0.0	KP745656.1 Human herpesvirus 5 strain BE/2/2013, complete genome
KU550088.1	98.774	5792	17	5808	145907	151685	10290	0.0	KU550088.1 Human betaherpesvirus 5 strain NAN2LA, complete genome
KY490065.1	98.741	5798	17	5808	146158	151948	10290	0.0	KY490065.1 Human betaherpesvirus 5 strain PRA3, complete genome
HQ380895.1	98.723	5793	17	5808	146154	151940	10281	0.0	HQ380895.1 Human herpesvirus 5 strain JHC, complete genome
GQ396663.1	98.723	5793	17	5808	146190	151973	10279	0.0	GQ396663.1 Human herpesvirus 5 strain HAN20, complete genome
KP745682.1	98.706	5795	17	5808	146396	152185	10279	0.0	KP745682.1 Human herpesvirus 5 strain BE/46/2011, complete genome
KY490084.1	98.707	5800	17	5808	145922	151712	10279	0.0	KY490084.1 Human betaherpesvirus 5 strain HANSCTR10, complete genome
GU980198.1	98.688	5793	17	5808	151432	157218	10270	0.0	GU980198.1 Human herpesvirus 5 transgenic strain CINCY+Towne, complete genome
KR534204.1	98.688	5792	17	5808	145750	151535	10270	0.0	KR534204.1 Human herpesvirus 5 strain JER3855, complete genome
MW197156.1	98.688	5793	17	5808	145796	151582	10270	0.0	MW197156.1 Human betaherpesvirus 5 strain P-226, complete genome
KP745724.1	98.671	5794	17	5808	146160	151950	10268	0.0	KP745724.1 Human herpesvirus 5 strain BE/4/2012, complete genome
MK422176.1	98.671	5796	17	5808	146988	152777	10268	0.0	MK422176.1 Human betaherpesvirus 5 strain LUS243, complete genome
KF021605.1	98.655	5798	17	5808	146442	152235	10266	0.0	KF021605.1 Human herpesvirus 5 strain TR, complete genome
LY505272.1	98.655	5798	17	5808	144940	150733	10266	0.0	LY505272.1 KR 1020170035952-A/1: HUMAN CYTOMEGALOVIRUS COMPRISING EXOGENOUS ANTIGENS
MA762834.1	98.655	5798	17	5808	144940	150733	10266	0.0	MA762834.1 JP 2017522026-A/1: HUMAN CYTOMEGALOVIRUS COMPRISING EXOGENOUS ANTIGENS
MN075802.1	98.655	5798	17	5808	146446	152239	10266	0.0	MN075802.1 Human betaherpesvirus 5 isolate TR3_BAC, complete sequence
LY731000.1	98.655	5798	17	5808	144940	150733	10266	0.0	LY731000.1 KR 1020190080970-A/1: HUMAN CYTOMEGALOVIRUS COMPRISING EXOGENOUS ANTIGENS
OF231933.1	98.655	5798	17	5808	144940	150733	10266	0.0	OF231933.1 KR 1020210008156-A/1: HUMAN CYTOMEGALOVIRUS COMPRISING EXOGENOUS ANTIGENS
KT726942.2	98.671	5795	17	5808	146702	152487	10264	0.0	KT726942.2 Human betaherpesvirus 5 strain NL/Rot3/Nasal/2012, partial genome
KT726955.2	98.654	5796	17	5808	146223	152015	10264	0.0	KT726955.2 Human betaherpesvirus 5 strain UK/Lon5/Blood/2010, partial genome
GU179289.1	98.654	5796	17	5808	146258	152047	10262	0.0	GU179289.1 Human herpesvirus 5 strain VR1814, complete genome
MT070138.1	98.654	5796	17	5808	144999	150788	10262	0.0	MT070138.1 Human betaherpesvirus 5 isolate P4 chromosome 1, complete genome
MT070141.1	98.654	5796	17	5808	144655	150444	10262	0.0	MT070141.1 Human betaherpesvirus 5 isolate P14 chromosome 1, complete genome
MT070142.1	98.654	5796	17	5808	144846	150635	10262	0.0	MT070142.1 Human betaherpesvirus 5 isolate P15 chromosome 1, complete genome
KP745712.1	98.654	5795	17	5808	146100	151888	10261	0.0	KP745712.1 Human herpesvirus 5 strain BE/19/2010, complete genome
KY490088.1	98.637	5798	17	5808	146127	151921	10261	0.0	KY490088.1 Human betaherpesvirus 5 strain HANSCTR13, complete genome
JN379814.1	98.801	5756	53	5808	145376	151125	10259	0.0	JN379814.1 UNVERIFIED: Human herpesvirus 5 strain U01, partial genome
KP745726.1	98.654	5793	17	5808	146077	151863	10259	0.0	KP745726.1 Human herpesvirus 5 strain BE/30/2010, complete genome
KT726951.2	98.637	5795	17	5808	146269	152060	10259	0.0	KT726951.2 Human betaherpesvirus 5 strain UK/Lon8/Urine/2012, complete genome
KJ361971.1	98.637	5796	17	5808	146051	151840	10257	0.0	KJ361971.1 Human herpesvirus 5 strain UKNEQAS1, complete genome
MT044480.1	98.637	5796	17	5808	146462	152251	10257	0.0	MT044480.1 Human betaherpesvirus 5 strain SYD-SCT2, complete genome
KP745677.1	98.619	5794	17	5808	146148	151935	10250	0.0	KP745677.1 Human herpesvirus 5 strain BE/1/2010, complete genome
KP745720.1	98.620	5797	17	5808	146347	152134	10250	0.0	KP745720.1 Human herpesvirus 5 strain BE/15/2011, complete genome
KP745648.1	98.619	5793	17	5808	146110	151895	10248	0.0	KP745648.1 Human herpesvirus 5 strain BE/8/2011, complete genome
KJ872540.1	98.619	5795	17	5808	145860	151645	10248	0.0	KJ872540.1 Human herpesvirus 5 strain PAV18, complete genome
OK000911.1	98.619	5792	17	5808	145214	150999	10248	0.0	OK000911.1 Human betaherpesvirus 5 strain DABE, complete genome
JX512202.1	98.602	5796	17	5808	145903	151692	10246	0.0	JX512202.1 Human herpesvirus 5 strain HAN8, complete genome
KU550087.1	98.602	5796	17	5808	145886	151675	10246	0.0	KU550087.1 Human betaherpesvirus 5 strain NAN1LA, complete genome
KR534213.1	98.602	5796	17	5808	146308	152097	10246	0.0	KR534213.1 Human herpesvirus 5 strain JER5695, complete genome
KY490072.1	98.602	5796	17	5808	146205	151994	10246	0.0	KY490072.1 Human betaherpesvirus 5 strain HANChild2&3, complete genome
FJ616285.1	98.602	5793	17	5808	145589	151375	10242	0.0	FJ616285.1 Human herpesvirus 5 strain Towne, complete genome
GQ396662.1	98.602	5792	17	5808	146399	152184	10242	0.0	GQ396662.1 Human herpesvirus 5 strain HAN38, complete genome
KP745707.1	98.585	5796	17	5808	146103	151895	10242	0.0	KP745707.1 Human herpesvirus 5 strain BE/13/2012, complete genome
GQ121041.1	98.602	5793	17	5808	145887	151673	10242	0.0	GQ121041.1 Human herpesvirus 5 transgenic strain Towne, complete genome
LT907985.2	98.602	5793	17	5808	145589	151375	10242	0.0	LT907985.2 Human betaherpesvirus 5 isolate Towne genome assembly, chromosome: 1
KP745683.1	98.585	5796	17	5808	145940	151729	10240	0.0	KP745683.1 Human herpesvirus 5 strain BE/12/2011, complete genome
OV100762.1	98.585	5797	17	5808	146316	152106	10240	0.0	OV100762.1 Human betaherpesvirus 5 isolate U3_3M genome assembly, complete genome: monopartite
KP745638.1	98.568	5796	17	5808	146241	152030	10235	0.0	KP745638.1 Human herpesvirus 5 strain BE/15/2010, complete genome
KP745695.1	98.568	5796	17	5808	145897	151686	10235	0.0	KP745695.1 Human herpesvirus 5 strain BE/6/2012, complete genome
KT959235.1	98.568	5796	17	5808	146257	152046	10235	0.0	KT959235.1 Human betaherpesvirus 5 strain DB, complete genome
KF493876.1	98.567	5793	17	5808	176524	182310	10231	0.0	KF493876.1 Human herpesvirus 5 transgenic isolate Towne-BAC_UL96_Mutant, complete genome
KX101022.1	98.567	5793	17	5808	145615	151401	10231	0.0	KX101022.1 Human betaherpesvirus 5 strain Toledo/Towne Chimera 2, complete genome
KX544836.1	98.567	5793	17	5808	145986	151771	10231	0.0	KX544836.1 Human betaherpesvirus 5 isolate VR5201, complete genome
KF493877.1	98.567	5793	17	5808	176606	182392	10231	0.0	KF493877.1 Human herpesvirus 5 transgenic isolate Towne-BAC-der, complete genome
JN379815.1	98.567	5793	17	5808	145140	150923	10229	0.0	JN379815.1 UNVERIFIED: Human herpesvirus 5 strain U04, partial genome
KR534207.1	98.551	5796	17	5808	145970	151759	10229	0.0	KR534207.1 Human herpesvirus 5 strain JER4053, complete genome
KX101021.1	98.550	5793	17	5808	146150	151936	10226	0.0	KX101021.1 Human betaherpesvirus 5 strain Toledo/Towne Chimera 1, complete genome
KP745704.1	98.551	5797	17	5808	146362	152146	10224	0.0	KP745704.1 Human herpesvirus 5 strain BE/32/2011, complete genome
KJ361949.1	98.551	5797	17	5808	146515	152299	10224	0.0	KJ361949.1 Human herpesvirus 5 strain 2CEN30, complete genome
KY123652.1	98.534	5798	17	5808	146251	152036	10220	0.0	KY123652.1 Human betaherpesvirus 5 strain HANRTR5, complete genome
KP745685.1	98.516	5795	17	5808	146020	151808	10216	0.0	KP745685.1 Human herpesvirus 5 strain CZ/3/2012, complete genome
KY490070.1	98.516	5795	17	5808	146256	152044	10216	0.0	KY490070.1 Human betaherpesvirus 5 strain PRA8, complete genome
ON119194.1	98.516	5795	17	5808	146419	152207	10216	0.0	ON119194.1 Human betaherpesvirus 5 isolate E9045, partial genome
JX512206.1	98.516	5794	17	5808	146544	152330	10214	0.0	JX512206.1 Human herpesvirus 5 strain HAN22, complete genome
KT726950.2	98.516	5795	17	5808	146057	151843	10214	0.0	KT726950.2 Human betaherpesvirus 5 strain UK/Lon7/Urine/2011, complete genome
KX544833.1	98.533	5793	17	5808	146084	151861	10213	0.0	KX544833.1 Human betaherpesvirus 5 isolate VR3908, complete genome
KT726947.2	98.499	5797	17	5808	145918	151705	10211	0.0	KT726947.2 Human betaherpesvirus 5 strain UK/Lon1/Blood/2013, complete genome
KP745723.1	98.498	5794	17	5808	145738	151524	10209	0.0	KP745723.1 Human herpesvirus 5 strain BE/37/2011, complete genome
KJ361947.1	98.499	5795	17	5808	146522	152307	10209	0.0	KJ361947.1 Human herpesvirus 5 strain 2CEN5, complete genome
KP745655.1	98.481	5794	17	5808	146569	152355	10203	0.0	KP745655.1 Human herpesvirus 5 strain BE/3/2010, complete genome
ON119196.1	98.481	5794	17	5808	146378	152164	10203	0.0	ON119196.1 Human betaherpesvirus 5 isolate E31354, partial genome
KP745661.1	98.448	5799	17	5808	145830	151624	10200	0.0	KP745661.1 Human herpesvirus 5 strain BE/33/2010, complete genome
GQ221975.1	98.464	5794	17	5808	146486	152272	10198	0.0	GQ221975.1 Human herpesvirus 5 strain JP, complete genome
KP745728.1	98.464	5794	17	5808	146537	152323	10198	0.0	KP745728.1 Human herpesvirus 5 strain BE/4/2010, complete genome
KJ872539.1	98.464	5794	17	5808	146452	152238	10198	0.0	KJ872539.1 Human herpesvirus 5 strain PAV16, complete genome
KY490069.1	98.464	5794	17	5808	146479	152265	10198	0.0	KY490069.1 Human betaherpesvirus 5 strain PRA7, complete genome
MW197154.1	98.464	5793	17	5808	146079	151862	10196	0.0	MW197154.1 Human betaherpesvirus 5 strain P-083, complete genome
KP745698.1	98.447	5795	17	5808	146074	151861	10194	0.0	KP745698.1 Human herpesvirus 5 strain BE/20/2011, complete genome
KR534208.1	98.447	5795	17	5808	146084	151871	10194	0.0	KR534208.1 Human herpesvirus 5 strain JER4559, complete genome
MT044476.1	98.447	5796	17	5808	146616	152404	10194	0.0	MT044476.1 Human betaherpesvirus 5 strain GLA-SOT1, complete genome
MW528464.1	98.447	5795	17	5808	146022	151809	10194	0.0	MW528464.1 Human betaherpesvirus 5 isolate BM34, complete genome
KP745691.1	98.447	5795	17	5808	146291	152076	10192	0.0	KP745691.1 Human herpesvirus 5 strain CZ/1/2013, complete genome
KP745658.1	98.430	5795	17	5808	145867	151654	10189	0.0	KP745658.1 Human herpesvirus 5 strain BE/14/2012, complete genome
KP745687.1	98.430	5795	17	5808	145864	151651	10189	0.0	KP745687.1 Human herpesvirus 5 strain BE/36/2011, complete genome
KX101023.1	98.413	5798	17	5808	145679	151470	10187	0.0	KX101023.1 Human betaherpesvirus 5 strain Toledo/Towne Chimera 3, complete genome
AH013698.2	98.413	5798	17	5808	104105	109896	10187	0.0	AH013698.2 Human herpesvirus 5 strain Toledo UL4 (UL4), UL5 (UL5), UL6 (UL6), UL7 (UL7), UL8 (UL8), UL9 (UL9), UL10 (UL10), UL11 (UL11), UL13 (UL13), UL14 (UL14), UL15A (UL15A), UL16 (UL16), UL17 (UL17), UL18 (UL18), UL19 (UL19), UL26 (UL26), UL27 (UL27), UL28 (UL28), UL29 (UL29), UL30 (UL30), UL31 (UL31), UL32 (UL32), UL35 (UL35), UL36 (UL36), UL40 (UL40), UL41A (UL41A), UL42 (UL42), UL43 (UL43), UL44 (UL44), UL45 (UL45), UL46 (UL46), UL47 (UL47), UL48 (UL48), UL49 (UL49), UL50 (UL50), UL51 (UL51), UL52 (UL52), and UL53 (UL53) genes, complete cds; UL57 (UL57) gene, partial cds; and UL69 (UL69), UL70 (UL70), UL71 (UL71), UL72 (UL72), UL73 (UL73), UL74 (UL74), UL75 (UL75), UL76 (UL76), UL77 (UL77), UL78 (UL78), UL84 (UL84), UL85 (UL85), UL87 (UL87), UL88 (UL88), UL89 (UL89), UL91 (UL91), UL92 (UL92), UL93 (UL93), UL94 (UL94), UL95 (UL95), UL96 (UL96), UL97 (UL97), UL98 (UL98), UL99 (UL99), ORF8 (ORF8), ORF7 (ORF7), UL100 (UL100), UL101 (UL101), UL102 (UL102), UL103 (UL103), UL104 (UL104), UL112/113 (UL112/113), UL114 (UL114), UL115 (UL115), UL116 (UL116), UL117 (UL117), UL120 (UL120), UL121 (UL121), UL122 (UL122), ORF9 (ORF9), ORF10 (ORF10), UL123 (UL123), US3 (US3), US5 (US5), US6 (US6), US7 (US7), US8 (US8), US9 (US9), US10 (US10), US11 (US11), US12 (US12), US13 (US13), US14 (US14), US15 (US15), US16 (US16), US17 (US17), US18 (US18), US19 (US19), US20 (US20), US21 (US21), US22 (US22), US23 (US23), US24 (US24), US26 (US26), US27 (US27), US28 (US28), US29 (US29), US30 (US30), US31 (US31), and US32 (US32) genes, complete cds
GU937742.2	98.413	5798	17	5808	146060	151851	10187	0.0	GU937742.2 Human herpesvirus 5 strain Toledo, complete genome
KY002200.1	98.413	5798	17	5808	144437	150228	10187	0.0	KY002200.1 Human betaherpesvirus 5 strain Toledo RNA2.7 deletion mutant, complete genome
KY002201.1	98.413	5798	17	5808	146337	152128	10187	0.0	KY002201.1 Human betaherpesvirus 5 strain Toledo variant, complete genome
MF783090.1	98.413	5798	17	5808	146059	151850	10187	0.0	MF783090.1 Human betaherpesvirus 5 isolate Toledo-p7 majority, complete genome
MF783091.1	98.413	5798	17	5808	146286	152077	10187	0.0	MF783091.1 Human betaherpesvirus 5 isolate Toledo-p7 minority, complete genome
MF783092.1	98.413	5798	17	5808	146059	151850	10187	0.0	MF783092.1 Human betaherpesvirus 5 clone TAR Toledo-F, complete genome
MF783093.1	98.413	5798	17	5808	146286	152077	10187	0.0	MF783093.1 Human betaherpesvirus 5 clone TAR Toledo-P, complete genome
BK000394.5	98.413	5796	17	5808	146047	151835	10183	0.0	BK000394.5 TPA_inf: Human herpesvirus 5 strain AD169 substrain varUK, complete genome
FJ527563.1	98.413	5796	17	5808	146069	151857	10183	0.0	FJ527563.1 Human herpesvirus 5 strain AD169, complete genome
KP745639.1	98.413	5796	17	5808	146049	151837	10183	0.0	KP745639.1 Human herpesvirus 5 strain BE/10/2011, complete genome
KP745703.1	98.413	5796	17	5808	145987	151775	10183	0.0	KP745703.1 Human herpesvirus 5 strain BE/26/2011, complete genome
KU317610.1	98.413	5796	17	5808	146047	151835	10183	0.0	KU317610.1 Synthetic construct Human herpesvirus 5, complete sequence
MK213797.1	98.413	5796	17	5808	75535	69747	10183	0.0	MK213797.1 Human betaherpesvirus 5 isolate UCSF-1a sequence
MN900952.1	98.413	5796	17	5808	145575	151363	10183	0.0	MN900952.1 Human betaherpesvirus 5 clone AD169-BAC2, complete genome
MN920393.1	98.413	5796	17	5808	145576	151364	10183	0.0	MN920393.1 Human betaherpesvirus 5 clone AD169-BAC20, complete genome
MZ327301.1	98.413	5796	17	5808	142638	148426	10183	0.0	MZ327301.1 UNVERIFIED: Human betaherpesvirus 5 sequence
KY490085.1	98.396	5798	17	5808	146159	151950	10181	0.0	KY490085.1 Human betaherpesvirus 5 strain HANSCTR11A, complete genome
KP745649.1	98.396	5797	17	5808	145914	151703	10179	0.0	KP745649.1 Human herpesvirus 5 strain BE/10/2012, complete genome
KP745633.1	98.395	5795	17	5808	146228	152016	10178	0.0	KP745633.1 Human herpesvirus 5 strain BE/45/2011, complete genome
KT726953.2	98.395	5795	17	5808	145973	151760	10178	0.0	KT726953.2 Human betaherpesvirus 5 strain UK/Lon9/Urine/2012, partial genome
KY490066.1	98.413	5798	17	5808	146213	151991	10174	0.0	KY490066.1 Human betaherpesvirus 5 strain PRA4, complete genome
KX101024.1	98.378	5795	17	5808	146928	152716	10172	0.0	KX101024.1 Human betaherpesvirus 5 strain Toledo/Towne Chimera 4, complete genome
KT726945.2	98.362	5799	17	5808	145745	151537	10170	0.0	KT726945.2 Human betaherpesvirus 5 strain NL/Rot6/Nasal/2012, complete genome
KP745727.1	98.258	5799	17	5808	146430	152224	10139	0.0	KP745727.1 Human herpesvirus 5 strain BE/17/2010, complete genome
JN379816.1	98.336	5768	41	5808	144258	150016	10111	0.0	JN379816.1 UNVERIFIED: Human herpesvirus 5 strain U33, partial genome
U18289.2	98.429	2737	1422	4157	1	2733	4811	0.0	U18289.2 Human cytomegalovirus UL102 protein mRNA, complete cds
LC425074.1	97.148	1122	128	1249	1116	1	1890	0.0	LC425074.1 Human betaherpesvirus 5 1612 UL100 gene for glycoprotein M, complete cds
MN969450.1	97.800	1000	243	1241	24	1012	1714	0.0	MN969450.1 UNVERIFIED: Human betaherpesvirus 5 isolate IHC03 genomic sequence
KF805289.1	100.000	898	4911	5808	2094	1197	1659	0.0	KF805289.1 Human herpesvirus 5 isolate pat20R Capsid portal protein (UL104) gene, complete cds
KF805305.1	100.000	898	4911	5808	2094	1197	1659	0.0	KF805305.1 Human herpesvirus 5 isolate pat41R Capsid portal protein (UL104) gene, complete cds
KF805311.1	99.889	898	4911	5808	2094	1197	1655	0.0	KF805311.1 Human herpesvirus 5 isolate pat4S Capsid portal protein (UL104) gene, complete cds
KF805285.1	99.889	898	4911	5808	2094	1197	1653	0.0	KF805285.1 Human herpesvirus 5 isolate pat12R Capsid portal protein (UL104) gene, complete cds
KF805294.1	99.889	898	4911	5808	2094	1197	1653	0.0	KF805294.1 Human herpesvirus 5 isolate pat26R Capsid portal protein (UL104) gene, complete cds
KF805315.1	99.889	898	4911	5808	2094	1197	1653	0.0	KF805315.1 Human herpesvirus 5 isolate pat10S Capsid portal protein (UL104) gene, complete cds
KF805317.1	99.889	898	4911	5808	2094	1197	1653	0.0	KF805317.1 Human herpesvirus 5 isolate pat12S Capsid portal protein (UL104) gene, complete cds
KF805323.1	99.889	898	4911	5808	2094	1197	1653	0.0	KF805323.1 Human herpesvirus 5 isolate pat20S Capsid portal protein (UL104) gene, complete cds
KF805324.1	99.889	898	4911	5808	2094	1197	1653	0.0	KF805324.1 Human herpesvirus 5 isolate pat21S Capsid portal protein (UL104) gene, complete cds
KF805302.1	99.777	898	4911	5808	2094	1197	1650	0.0	KF805302.1 Human herpesvirus 5 isolate pat38R Capsid portal protein (UL104) gene, complete cds
KF805316.1	99.777	898	4911	5808	2094	1197	1650	0.0	KF805316.1 Human herpesvirus 5 isolate pat11S Capsid portal protein (UL104) gene, complete cds
KF805318.1	99.777	898	4911	5808	2094	1197	1650	0.0	KF805318.1 Human herpesvirus 5 isolate pat13S Capsid portal protein (UL104) gene, complete cds
KF805278.1	99.777	898	4911	5808	2094	1197	1648	0.0	KF805278.1 Human herpesvirus 5 isolate pat2R Capsid portal protein (UL104) gene, complete cds
KF805286.1	99.777	898	4911	5808	2094	1197	1648	0.0	KF805286.1 Human herpesvirus 5 isolate pat14R Capsid portal protein (UL104) gene, complete cds
KF805292.1	99.777	898	4911	5808	2094	1197	1648	0.0	KF805292.1 Human herpesvirus 5 isolate pat23R Capsid portal protein (UL104) gene, complete cds
KF805293.1	99.777	898	4911	5808	2094	1197	1648	0.0	KF805293.1 Human herpesvirus 5 isolate pat24R Capsid portal protein (UL104) gene, complete cds
KF805295.1	99.777	898	4911	5808	2094	1197	1648	0.0	KF805295.1 Human herpesvirus 5 isolate pat28R Capsid portal protein (UL104) gene, complete cds
KF805301.1	99.777	898	4911	5808	2094	1197	1648	0.0	KF805301.1 Human herpesvirus 5 isolate pat37R Capsid portal protein (UL104) gene, complete cds
KF805306.1	99.777	898	4911	5808	2094	1197	1648	0.0	KF805306.1 Human herpesvirus 5 isolate pat43R Capsid portal protein (UL104) gene, complete cds
KF805308.1	99.777	898	4911	5808	2094	1197	1648	0.0	KF805308.1 Human herpesvirus 5 isolate pat1S Capsid portal protein (UL104) gene, complete cds
KF805330.1	99.777	898	4911	5808	2094	1197	1648	0.0	KF805330.1 Human herpesvirus 5 isolate pat28S Capsid portal protein (UL104) gene, complete cds
KF805331.1	99.666	898	4911	5808	2094	1197	1648	0.0	KF805331.1 Human herpesvirus 5 isolate pat30S Capsid portal protein (UL104) gene, complete cds
KF805296.1	99.666	898	4911	5808	2094	1197	1642	0.0	KF805296.1 Human herpesvirus 5 isolate pat30R Capsid portal protein (UL104) gene, complete cds
KF805299.1	99.666	898	4911	5808	2094	1197	1642	0.0	KF805299.1 Human herpesvirus 5 isolate pat35R Capsid portal protein (UL104) gene, complete cds
KF805303.1	99.666	898	4911	5808	2094	1197	1642	0.0	KF805303.1 Human herpesvirus 5 isolate pat39R Capsid portal protein (UL104) gene, complete cds
KF805335.1	99.666	898	4911	5808	2094	1197	1642	0.0	KF805335.1 Human herpesvirus 5 isolate pat37S Capsid portal protein (UL104) gene, complete cds
KF805336.1	99.666	898	4911	5808	2094	1197	1642	0.0	KF805336.1 Human herpesvirus 5 isolate pat39S Capsid portal protein (UL104) gene, complete cds
KF805338.1	99.666	898	4911	5808	2094	1197	1642	0.0	KF805338.1 Human herpesvirus 5 isolate pat41S Capsid portal protein (UL104) gene, complete cds
KF805320.1	99.555	898	4911	5808	2094	1197	1640	0.0	KF805320.1 Human herpesvirus 5 isolate pat15S Capsid portal protein (UL104) gene, complete cds
KF805290.1	99.555	898	4911	5808	2094	1197	1639	0.0	KF805290.1 Human herpesvirus 5 isolate pat21R Capsid portal protein (UL104) gene, complete cds
KF805284.1	99.555	898	4911	5808	2094	1197	1637	0.0	KF805284.1 Human herpesvirus 5 isolate pat11R Capsid portal protein (UL104) gene, complete cds
KF805322.1	99.443	898	4911	5808	2094	1197	1637	0.0	KF805322.1 Human herpesvirus 5 isolate pat18S Capsid portal protein (UL104) gene, complete cds
KF805333.1	99.555	898	4911	5808	2094	1197	1637	0.0	KF805333.1 Human herpesvirus 5 isolate pat33S Capsid portal protein (UL104) gene, complete cds
KF805340.1	99.332	898	4911	5808	2094	1197	1637	0.0	KF805340.1 Human herpesvirus 5 isolate pat45S Capsid portal protein (UL104) gene, complete cds
KF805288.1	99.332	898	4911	5808	2094	1197	1633	0.0	KF805288.1 Human herpesvirus 5 isolate pat18R Capsid portal protein (UL104) gene, complete cds
KF805310.1	99.443	898	4911	5808	2094	1197	1631	0.0	KF805310.1 Human herpesvirus 5 isolate pat3S Capsid portal protein (UL104) gene, complete cds
KF805314.1	99.332	898	4911	5808	2094	1197	1631	0.0	KF805314.1 Human herpesvirus 5 isolate pat8S Capsid portal protein (UL104) gene, complete cds
KF805325.1	99.443	898	4911	5808	2094	1197	1631	0.0	KF805325.1 Human herpesvirus 5 isolate pat22S Capsid portal protein (UL104) gene, complete cds
KF805328.1	99.220	898	4911	5808	2094	1197	1622	0.0	KF805328.1 Human herpesvirus 5 isolate pat26S Capsid portal protein (UL104) gene, complete cds
KF805298.1	99.220	898	4911	5808	2094	1197	1620	0.0	KF805298.1 Human herpesvirus 5 isolate pat33R Capsid portal protein (UL104) gene, complete cds
MN969449.1	96.169	992	242	1231	22	1004	1611	0.0	MN969449.1 UNVERIFIED: Human betaherpesvirus 5 isolate IHC02 genomic sequence
KF805321.1	98.664	898	4911	5808	2094	1197	1609	0.0	KF805321.1 Human herpesvirus 5 isolate pat17S Capsid portal protein (UL104) gene, complete cds
KF805280.1	98.886	898	4911	5808	2094	1197	1605	0.0	KF805280.1 Human herpesvirus 5 isolate pat5R Capsid portal protein (UL104) gene, complete cds
KF805327.1	98.886	898	4911	5808	2094	1197	1605	0.0	KF805327.1 Human herpesvirus 5 isolate pat25S Capsid portal protein (UL104) gene, complete cds
KF805339.1	98.664	898	4911	5808	2094	1197	1605	0.0	KF805339.1 Human herpesvirus 5 isolate pat42S Capsid portal protein (UL104) gene, complete cds
KF805307.1	98.886	898	4911	5808	2094	1197	1604	0.0	KF805307.1 Human herpesvirus 5 isolate pat45R Capsid portal protein (UL104) gene, complete cds
KF805337.1	98.886	898	4911	5808	2094	1197	1604	0.0	KF805337.1 Human herpesvirus 5 isolate pat40S Capsid portal protein (UL104) gene, complete cds
AF047524.1	98.886	898	4911	5808	1	898	1604	0.0	AF047524.1 Human cytomegalovirus UL104 gene, complete cds
KF805287.1	98.775	898	4911	5808	2094	1197	1600	0.0	KF805287.1 Human herpesvirus 5 isolate pat17R Capsid portal protein (UL104) gene, complete cds
KF805282.1	98.775	898	4911	5808	2094	1197	1598	0.0	KF805282.1 Human herpesvirus 5 isolate pat8R Capsid portal protein (UL104) gene, complete cds
KF805283.1	98.775	898	4911	5808	2094	1197	1598	0.0	KF805283.1 Human herpesvirus 5 isolate pat9R Capsid portal protein (UL104) gene, complete cds
KF805300.1	98.775	898	4911	5808	2094	1197	1598	0.0	KF805300.1 Human herpesvirus 5 isolate pat36R Capsid portal protein (UL104) gene, complete cds
KF805319.1	98.775	898	4911	5808	2094	1197	1598	0.0	KF805319.1 Human herpesvirus 5 isolate pat14S Capsid portal protein (UL104) gene, complete cds
KF805332.1	98.775	898	4911	5808	2094	1197	1598	0.0	KF805332.1 Human herpesvirus 5 isolate pat31S Capsid portal protein (UL104) gene, complete cds
MN969454.1	96.134	983	253	1232	32	1008	1596	0.0	MN969454.1 UNVERIFIED: Human betaherpesvirus 5 isolate IHC07 genomic sequence
KF805281.1	98.552	898	4911	5808	2094	1197	1594	0.0	KF805281.1 Human herpesvirus 5 isolate pat6R Capsid portal protein (UL104) gene, complete cds
KF805297.1	98.664	898	4911	5808	2094	1197	1592	0.0	KF805297.1 Human herpesvirus 5 isolate pat32R Capsid portal protein (UL104) gene, complete cds
KF805309.1	98.664	898	4911	5808	2094	1197	1592	0.0	KF805309.1 Human herpesvirus 5 isolate pat2S Capsid portal protein (UL104) gene, complete cds
KF805326.1	98.664	898	4911	5808	2094	1197	1592	0.0	KF805326.1 Human herpesvirus 5 isolate pat24S Capsid portal protein (UL104) gene, complete cds
KF805304.1	98.552	898	4911	5808	2094	1197	1589	0.0	KF805304.1 Human herpesvirus 5 isolate pat40R Capsid portal protein (UL104) gene, complete cds
KF805312.1	98.551	897	4911	5807	2094	1198	1587	0.0	KF805312.1 Human herpesvirus 5 isolate pat5S Capsid portal protein (UL104) gene, complete cds
KF805334.1	98.441	898	4911	5808	2094	1197	1587	0.0	KF805334.1 Human herpesvirus 5 isolate pat35S Capsid portal protein (UL104) gene, complete cds
KF805279.1	98.441	898	4911	5808	2094	1197	1585	0.0	KF805279.1 Human herpesvirus 5 isolate pat4R Capsid portal protein (UL104) gene, complete cds
KF805291.1	98.441	898	4911	5808	2094	1197	1583	0.0	KF805291.1 Human herpesvirus 5 isolate pat22R Capsid portal protein (UL104) gene, complete cds
KF805313.1	98.218	898	4911	5808	2094	1197	1572	0.0	KF805313.1 Human herpesvirus 5 isolate pat7S Capsid portal protein (UL104) gene, complete cds
KF805329.1	97.884	898	4911	5808	2094	1197	1568	0.0	KF805329.1 Human herpesvirus 5 isolate pat27S Capsid portal protein (UL104) gene, complete cds
MN969471.1	95.714	980	262	1241	46	1008	1561	0.0	MN969471.1 UNVERIFIED: Human betaherpesvirus 5 isolate EHC12 genomic sequence
MN969463.1	94.269	1012	233	1241	15	1006	1526	0.0	MN969463.1 UNVERIFIED: Human betaherpesvirus 5 isolate EHC04 genomic sequence
MN969453.1	94.908	982	249	1225	34	1006	1524	0.0	MN969453.1 UNVERIFIED: Human betaherpesvirus 5 isolate IHC06 genomic sequence
MN969462.1	94.822	985	243	1225	23	991	1520	0.0	MN969462.1 UNVERIFIED: Human betaherpesvirus 5 isolate EHC03 genomic sequence
MN969455.1	94.399	982	253	1225	36	1001	1485	0.0	MN969455.1 UNVERIFIED: Human betaherpesvirus 5 isolate IHC08 genomic sequence
MN969459.1	93.890	982	262	1242	44	1021	1476	0.0	MN969459.1 UNVERIFIED: Human betaherpesvirus 5 isolate IHC12 genomic sequence
MN969470.1	93.871	979	254	1227	34	997	1458	0.0	MN969470.1 UNVERIFIED: Human betaherpesvirus 5 isolate EHC11 genomic sequence
MN969466.1	93.585	982	249	1225	29	997	1448	0.0	MN969466.1 UNVERIFIED: Human betaherpesvirus 5 isolate EHC07 genomic sequence
MN969451.1	93.401	985	242	1214	24	987	1428	0.0	MN969451.1 UNVERIFIED: Human betaherpesvirus 5 isolate IHC04 genomic sequence
MN969469.1	94.645	915	319	1231	87	987	1404	0.0	MN969469.1 UNVERIFIED: Human betaherpesvirus 5 isolate EHC10 genomic sequence
MN969457.1	92.175	984	251	1225	34	1000	1367	0.0	MN969457.1 UNVERIFIED: Human betaherpesvirus 5 isolate IHC10 genomic sequence
MN969468.1	92.497	973	270	1237	46	995	1367	0.0	MN969468.1 UNVERIFIED: Human betaherpesvirus 5 isolate EHC09 genomic sequence
MN969461.1	92.004	988	242	1218	24	984	1352	0.0	MN969461.1 UNVERIFIED: Human betaherpesvirus 5 isolate EHC02 genomic sequence
MN969458.1	92.116	964	263	1225	50	992	1339	0.0	MN969458.1 UNVERIFIED: Human betaherpesvirus 5 isolate IHC11 genomic sequence
MN969452.1	91.026	936	310	1240	77	997	1245	0.0	MN969452.1 UNVERIFIED: Human betaherpesvirus 5 isolate IHC05 genomic sequence
MN969460.1	87.462	989	254	1227	34	997	1103	0.0	MN969460.1 UNVERIFIED: Human betaherpesvirus 5 isolate EHC01 genomic sequence
MN969456.1	90.458	807	435	1234	204	1007	1055	0.0	MN969456.1 UNVERIFIED: Human betaherpesvirus 5 isolate IHC09 genomic sequence
MN969467.1	87.513	929	280	1185	1	923	1046	0.0	MN969467.1 UNVERIFIED: Human betaherpesvirus 5 isolate EHC08 genomic sequence
JA901259.1	82.771	1126	128	1249	1116	1	992	0.0	JA901259.1 Sequence 13 from Patent WO2013006838
JA901097.1	82.771	1126	128	1249	1116	1	992	0.0	JA901097.1 Sequence 13 from Patent WO2013006842
HW417428.1	82.771	1126	128	1249	1116	1	992	0.0	HW417428.1 JP 2013544504-A/26: ANTIGEN DELIVERY PLATFORMS
HW651935.1	82.771	1126	128	1249	1116	1	992	0.0	HW651935.1 JP 2014522842-A/7: IMMUNOGENIC COMBINATION COMPOSITIONS AND USES THEREOF
HW643122.1	82.771	1126	128	1249	1116	1	992	0.0	HW643122.1 JP 2014520807-A/7: IMMUNOGENIC COMPOSITIONS AND USES THEREOF
HZ406170.1	82.771	1126	128	1249	1116	1	992	0.0	HZ406170.1 JP 2015527871-A/8: RECOMBINANT SELF-REPLICATING POLYCISTRONIC RNA MOLECULES
LX275914.1	82.771	1126	128	1249	1116	1	992	0.0	LX275914.1 JP 2016096827-A/26: ANTIGEN DELIVERY PLATFORMS
MA157386.1	82.771	1126	128	1249	1116	1	992	0.0	MA157386.1 JP 2017025103-A/7: IMMUNOGENIC COMPOSITIONS AND USES THEREOF
MA895443.1	82.771	1126	128	1249	1116	1	992	0.0	MA895443.1 JP 2017205126-A/26: ANTIGEN DELIVERY PLATFORMS
AF480884.1	80.637	1162	1453	2582	148820	149968	857	0.0	AF480884.1 Panine herpesvirus 2 strain Heberling, complete genome
NC_003521.1	80.637	1162	1453	2582	148820	149968	857	0.0	NC_003521.1 Panine herpesvirus 2 strain Heberling, complete genome
MZ151943.1	80.637	1162	1453	2582	148829	149977	857	0.0	MZ151943.1 Panine betaherpesvirus 2 strain Heberling clone CCMV BAC-Phan9, complete sequence
M64964.1	99.550	222	1094	1315	222	1	405	7.64e-111	M64964.1 Human cytomegalovirus IMP (UL100) gene, 5' end
M64968.1	99.550	222	1094	1315	222	1	405	7.64e-111	M64968.1 Human cytomegalovirus IMP (UL100) gene, 5' end
M64973.1	99.550	222	1094	1315	222	1	405	7.64e-111	M64973.1 Human cytomegalovirus IMP (UL100) gene, 5' end
M64974.1	99.550	222	1094	1315	222	1	405	7.64e-111	M64974.1 Human cytomegalovirus IMP (UL100) gene, 5' end
M64959.1	99.099	222	1094	1315	222	1	399	3.55e-109	M64959.1 Human cytomegalovirus IMP (UL100) gene, partial cds
M64962.1	99.099	222	1094	1315	222	1	399	3.55e-109	M64962.1 Human cytomegalovirus IMP (UL100) gene, 5' end
M64957.1	100.000	213	343	555	213	1	394	1.65e-107	M64957.1 Human cytomegalovirus IMP (UL100) gene, partial cds
M64965.1	100.000	213	343	555	213	1	394	1.65e-107	M64965.1 Human cytomegalovirus IMP (UL100) gene, partial cds
M64969.1	100.000	213	343	555	213	1	394	1.65e-107	M64969.1 Human cytomegalovirus IMP (UL100) gene, partial cds
M64961.1	92.958	213	343	555	210	1	307	2.22e-81	M64961.1 Human cytomegalovirus IMP (UL100) gene, partial cds
M64972.1	92.958	213	343	555	210	1	307	2.22e-81	M64972.1 Human cytomegalovirus IMP (UL100) gene, partial cds
M64958.1	92.488	213	343	555	210	1	302	1.03e-79	M64958.1 Human cytomegalovirus IMP (UL100) gene, partial cds
M64966.1	99.379	161	102	262	161	1	292	6.20e-77	M64966.1 Human cytomegalovirus IMP (UL100) gene, 3' end
M64960.1	98.758	161	102	262	161	1	287	2.89e-75	M64960.1 Human cytomegalovirus IMP (UL100) gene, 3' end
M64970.1	98.758	161	102	262	161	1	287	2.89e-75	M64970.1 Human cytomegalovirus IMP (UL100) gene, 3' end
M64963.1	98.137	161	102	262	161	1	281	1.34e-73	M64963.1 Human cytomegalovirus IMP (UL100) gene, 3' end
KR351281.1	75.079	634	5122	5751	87062	86441	281	1.34e-73	KR351281.1 Papio ursinus cytomegalovirus isolate OCOM4-52, complete genome
NC_027016.1	75.079	634	5122	5751	87062	86441	281	1.34e-73	NC_027016.1 Papio ursinus cytomegalovirus isolate OCOM4-52, complete genome
M64967.1	98.113	159	104	262	159	1	278	1.74e-72	M64967.1 Human cytomegalovirus IMP (UL100) gene, 3' end
MT157322.1	74.921	634	5122	5751	139725	140346	276	6.25e-72	MT157322.1 Baboon cytomegalovirus strain 34826, complete genome
M64971.1	97.419	155	108	262	155	1	265	1.35e-68	M64971.1 Human cytomegalovirus IMP (UL100) gene, 3' end
KR297253.1	74.448	634	5105	5735	86089	85468	259	6.29e-67	KR297253.1 Mandrillus leucophaeus cytomegalovirus isolate OCOM6-2, complete genome
MT157321.1	74.448	634	5122	5751	140413	141034	259	6.29e-67	MT157321.1 Baboon cytomegalovirus strain 31282, complete genome
FJ483970.2	75.042	589	5163	5744	134603	135178	255	8.14e-66	FJ483970.2 Aotine herpesvirus 1 strain S34E, complete genome
NC_016447.1	75.042	589	5163	5744	134603	135178	255	8.14e-66	NC_016447.1 Aotine herpesvirus 1 strain S34E, complete genome
